This is pdfTeXk, Version 3.141592-1.40.3 (Web2C 7.5.6) (format=pdflatex 2014.6.16)  7 SEP 2016 17:50
entering extended mode
 %&-line parsing enabled.
**HPGMG-Async.tex
(./HPGMG-Async.tex
LaTeX2e <2005/12/01>
Babel <v3.8h> and hyphenation patterns for english, usenglishmax, dumylang, noh
yphenation, arabic, basque, bulgarian, coptic, welsh, czech, slovak, german, ng
erman, danish, esperanto, spanish, catalan, galician, estonian, farsi, finnish,
 french, greek, monogreek, ancientgreek, croatian, hungarian, interlingua, ibyc
us, indonesian, icelandic, italian, latin, mongolian, dutch, norsk, polish, por
tuguese, pinyin, romanian, russian, slovenian, uppersorbian, serbian, swedish, 
turkish, ukenglish, ukrainian, loaded.
(./IEEEtran.cls
Document Class: IEEEtran 2015/08/26 V1.8b by Michael Shell
-- See the "IEEEtran_HOWTO" manual for usage information.
-- http://www.michaelshell.org/tex/ieeetran/
\@IEEEtrantmpdimenA=\dimen102
\@IEEEtrantmpdimenB=\dimen103
\@IEEEtrantmpdimenC=\dimen104
\@IEEEtrantmpcountA=\count79
\@IEEEtrantmpcountB=\count80
\@IEEEtrantmpcountC=\count81
\@IEEEtrantmptoksA=\toks14
LaTeX Font Info:    Try loading font information for OT1+ptm on input line 503.

(/usr/share/texmf/tex/latex/psnfss/ot1ptm.fd
File: ot1ptm.fd 2001/06/04 font definitions for OT1/ptm.
)
-- Using 8.5in x 11in (letter) paper.
-- Using PDF output.
\@IEEEnormalsizeunitybaselineskip=\dimen105
-- This is a 10 point document.
\CLASSINFOnormalsizebaselineskip=\dimen106
\CLASSINFOnormalsizeunitybaselineskip=\dimen107
\IEEEnormaljot=\dimen108
LaTeX Font Info:    Font shape `OT1/ptm/bx/n' in size <5> not available
(Font)              Font shape `OT1/ptm/b/n' tried instead on input line 1090.
LaTeX Font Info:    Font shape `OT1/ptm/bx/it' in size <5> not available
(Font)              Font shape `OT1/ptm/b/it' tried instead on input line 1090.

LaTeX Font Info:    Font shape `OT1/ptm/bx/n' in size <7> not available
(Font)              Font shape `OT1/ptm/b/n' tried instead on input line 1090.
LaTeX Font Info:    Font shape `OT1/ptm/bx/it' in size <7> not available
(Font)              Font shape `OT1/ptm/b/it' tried instead on input line 1090.

LaTeX Font Info:    Font shape `OT1/ptm/bx/n' in size <8> not available
(Font)              Font shape `OT1/ptm/b/n' tried instead on input line 1090.
LaTeX Font Info:    Font shape `OT1/ptm/bx/it' in size <8> not available
(Font)              Font shape `OT1/ptm/b/it' tried instead on input line 1090.

LaTeX Font Info:    Font shape `OT1/ptm/bx/n' in size <9> not available
(Font)              Font shape `OT1/ptm/b/n' tried instead on input line 1090.
LaTeX Font Info:    Font shape `OT1/ptm/bx/it' in size <9> not available
(Font)              Font shape `OT1/ptm/b/it' tried instead on input line 1090.

LaTeX Font Info:    Font shape `OT1/ptm/bx/n' in size <10> not available
(Font)              Font shape `OT1/ptm/b/n' tried instead on input line 1090.
LaTeX Font Info:    Font shape `OT1/ptm/bx/it' in size <10> not available
(Font)              Font shape `OT1/ptm/b/it' tried instead on input line 1090.

LaTeX Font Info:    Font shape `OT1/ptm/bx/n' in size <11> not available
(Font)              Font shape `OT1/ptm/b/n' tried instead on input line 1090.
LaTeX Font Info:    Font shape `OT1/ptm/bx/it' in size <11> not available
(Font)              Font shape `OT1/ptm/b/it' tried instead on input line 1090.

LaTeX Font Info:    Font shape `OT1/ptm/bx/n' in size <12> not available
(Font)              Font shape `OT1/ptm/b/n' tried instead on input line 1090.
LaTeX Font Info:    Font shape `OT1/ptm/bx/it' in size <12> not available
(Font)              Font shape `OT1/ptm/b/it' tried instead on input line 1090.

LaTeX Font Info:    Font shape `OT1/ptm/bx/n' in size <17> not available
(Font)              Font shape `OT1/ptm/b/n' tried instead on input line 1090.
LaTeX Font Info:    Font shape `OT1/ptm/bx/it' in size <17> not available
(Font)              Font shape `OT1/ptm/b/it' tried instead on input line 1090.

LaTeX Font Info:    Font shape `OT1/ptm/bx/n' in size <20> not available
(Font)              Font shape `OT1/ptm/b/n' tried instead on input line 1090.
LaTeX Font Info:    Font shape `OT1/ptm/bx/it' in size <20> not available
(Font)              Font shape `OT1/ptm/b/it' tried instead on input line 1090.

LaTeX Font Info:    Font shape `OT1/ptm/bx/n' in size <24> not available
(Font)              Font shape `OT1/ptm/b/n' tried instead on input line 1090.
LaTeX Font Info:    Font shape `OT1/ptm/bx/it' in size <24> not available
(Font)              Font shape `OT1/ptm/b/it' tried instead on input line 1090.

\IEEEquantizedlength=\dimen109
\IEEEquantizedlengthdiff=\dimen110
\IEEEquantizedtextheightdiff=\dimen111
\IEEEilabelindentA=\dimen112
\IEEEilabelindentB=\dimen113
\IEEEilabelindent=\dimen114
\IEEEelabelindent=\dimen115
\IEEEdlabelindent=\dimen116
\IEEElabelindent=\dimen117
\IEEEiednormlabelsep=\dimen118
\IEEEiedmathlabelsep=\dimen119
\IEEEiedtopsep=\skip41
\c@section=\count82
\c@subsection=\count83
\c@subsubsection=\count84
\c@paragraph=\count85
\c@IEEEsubequation=\count86
\abovecaptionskip=\skip42
\belowcaptionskip=\skip43
\c@figure=\count87
\c@table=\count88
\@IEEEeqnnumcols=\count89
\@IEEEeqncolcnt=\count90
\@IEEEsubeqnnumrollback=\count91
\@IEEEquantizeheightA=\dimen120
\@IEEEquantizeheightB=\dimen121
\@IEEEquantizeheightC=\dimen122
\@IEEEquantizeprevdepth=\dimen123
\@IEEEquantizemultiple=\count92
\@IEEEquantizeboxA=\box26
\@IEEEtmpitemindent=\dimen124
\IEEEPARstartletwidth=\dimen125
\c@IEEEbiography=\count93
\@IEEEtranrubishbin=\box27
) (/usr/share/texmf/tex/latex/graphics/graphicx.sty
Package: graphicx 1999/02/16 v1.0f Enhanced LaTeX Graphics (DPC,SPQR)

(/usr/share/texmf/tex/latex/graphics/keyval.sty
Package: keyval 1999/03/16 v1.13 key=value parser (DPC)
\KV@toks@=\toks15
)
(/usr/share/texmf/tex/latex/graphics/graphics.sty
Package: graphics 2006/02/20 v1.0o Standard LaTeX Graphics (DPC,SPQR)

(/usr/share/texmf/tex/latex/graphics/trig.sty
Package: trig 1999/03/16 v1.09 sin cos tan (DPC)
)
(/usr/share/texmf/tex/latex/config/graphics.cfg
File: graphics.cfg 2007/01/18 v1.5 graphics configuration of teTeX/TeXLive
)
Package graphics Info: Driver file: pdftex.def on input line 90.

(/usr/share/texmf/tex/latex/pdftex-def/pdftex.def
File: pdftex.def 2007/01/08 v0.04d Graphics/color for pdfTeX
\Gread@gobject=\count94
))
\Gin@req@height=\dimen126
\Gin@req@width=\dimen127
)
(/usr/share/texmf/tex/latex/algorithms/algorithm.sty
Package: algorithm 

Document Style `algorithm' - floating environment
(/usr/share/texmf/tex/latex/float/float.sty
Package: float 2001/11/08 v1.3d Float enhancements (AL)
\c@float@type=\count95
\float@exts=\toks16
\float@box=\box28
\@float@everytoks=\toks17
\@floatcapt=\box29
)
(/usr/share/texmf/tex/latex/base/ifthen.sty
Package: ifthen 2001/05/26 v1.1c Standard LaTeX ifthen package (DPC)
)
\@float@every@algorithm=\toks18
\c@algorithm=\count96
) (./algpseudocode.sty
Package: algpseudocode 

(./algorithmicx.sty
Package: algorithmicx 2005/04/27 v1.2 Algorithmicx

Document Style algorithmicx 1.2 - a greatly improved `algorithmic' style
\c@ALG@line=\count97
\c@ALG@rem=\count98
\c@ALG@nested=\count99
\ALG@tlm=\skip44
\ALG@thistlm=\skip45
\c@ALG@Lnr=\count100
\c@ALG@blocknr=\count101
\c@ALG@storecount=\count102
\c@ALG@tmpcounter=\count103
\ALG@tmplength=\skip46
)
Document Style - pseudocode environments for use with the `algorithmicx' style
) (/usr/share/texmf/tex/latex/psnfss/pifont.sty
Package: pifont 2005/04/12 PSNFSS-v9.2a Pi font support (SPQR) 
LaTeX Font Info:    Try loading font information for U+pzd on input line 63.

(/usr/share/texmf/tex/latex/psnfss/upzd.fd
File: upzd.fd 2001/06/04 font definitions for U/pzd.
)
LaTeX Font Info:    Try loading font information for U+psy on input line 64.

(/usr/share/texmf/tex/latex/psnfss/upsy.fd
File: upsy.fd 2001/06/04 font definitions for U/psy.
))
(/usr/share/texmf/tex/latex/marginnote/marginnote.sty
Package: marginnote 2006/10/26 v1.1 non floating margin notes for LaTeX
\c@mn@abspage=\count104
)
(/usr/share/texmf/tex/latex/subfig/subfig.sty
Package: subfig 2005/06/28 ver: 1.3 subfig package

(/usr/share/texmf/tex/latex/caption/caption.sty
Package: caption 2007/01/07 v3.0k Customising captions (AR)

(/usr/share/texmf/tex/latex/caption/caption3.sty
Package: caption3 2007/01/07 v3.0k caption3 kernel (AR)
\captionmargin=\dimen128
\captionmarginx=\dimen129
\captionwidth=\dimen130
\captionindent=\dimen131
\captionparindent=\dimen132
\captionhangindent=\dimen133
)
Package caption Info: float package v1.3 (or newer) detected on input line 275.

)
\c@KVtest=\count105
\sf@farskip=\skip47
\sf@captopadj=\dimen134
\sf@capskip=\skip48
\sf@nearskip=\skip49
\c@subfigure=\count106
\c@subfigure@save=\count107
\c@lofdepth=\count108
\c@subtable=\count109
\c@subtable@save=\count110
\c@lotdepth=\count111
\sf@top=\skip50
\sf@bottom=\skip51
) (./HPGMG-Async.aux)
\openout1 = `HPGMG-Async.aux'.

LaTeX Font Info:    Checking defaults for OML/cmm/m/it on input line 321.
LaTeX Font Info:    ... okay on input line 321.
LaTeX Font Info:    Checking defaults for T1/cmr/m/n on input line 321.
LaTeX Font Info:    ... okay on input line 321.
LaTeX Font Info:    Checking defaults for OT1/cmr/m/n on input line 321.
LaTeX Font Info:    ... okay on input line 321.
LaTeX Font Info:    Checking defaults for OMS/cmsy/m/n on input line 321.
LaTeX Font Info:    ... okay on input line 321.
LaTeX Font Info:    Checking defaults for OMX/cmex/m/n on input line 321.
LaTeX Font Info:    ... okay on input line 321.
LaTeX Font Info:    Checking defaults for U/cmr/m/n on input line 321.
LaTeX Font Info:    ... okay on input line 321.

-- Lines per column: 56 (exact).
Package marginnote Info: \pdfoutput not 0 and \pdflastxpos available.
(marginnote)             Extended possition detection mode activated.
(/usr/share/texmf/tex/latex/ragged2e/ragged2e.sty
Package: ragged2e 2003/03/25 v2.04 ragged2e Package (MS)

(/usr/share/texmf/tex/latex/everysel/everysel.sty
Package: everysel 1999/06/08 v1.03 EverySelectfont Package (MS)
LaTeX Info: Redefining \selectfont on input line 125.
)
\CenteringLeftskip=\skip52
\RaggedLeftLeftskip=\skip53
\RaggedRightLeftskip=\skip54
\CenteringRightskip=\skip55
\RaggedLeftRightskip=\skip56
\RaggedRightRightskip=\skip57
\CenteringParfillskip=\skip58
\RaggedLeftParfillskip=\skip59
\RaggedRightParfillskip=\skip60
\JustifyingParfillskip=\skip61
\CenteringParindent=\skip62
\RaggedLeftParindent=\skip63
\RaggedRightParindent=\skip64
\JustifyingParindent=\skip65
)
Package caption Info: subref 1.2 or 1.3 detected on input line 321.
LaTeX Info: Redefining \subref on input line 321.
LaTeX Font Info:    External font `cmex10' loaded for size
(Font)              <7> on input line 441.
LaTeX Font Info:    External font `cmex10' loaded for size
(Font)              <5> on input line 441.

<hpgmg_v_cycle.png, id=1, 341.02406pt x 182.93344pt>
File: hpgmg_v_cycle.png Graphic file (type png)
 <use hpgmg_v_cycle.png>
[1{/usr/share/texmf/fonts/map/pdftex/updmap/pdftex.map}


 <./hpgmg_v_cycle.png (PNG copy)>] <hpgmg_f_cycle.png, id=12, 409.53pt x 184.43
906pt>
File: hpgmg_f_cycle.png Graphic file (type png)

<use hpgmg_f_cycle.png> <hpgmg_levels.png, id=13, 730.73pt x 238.8925pt>
File: hpgmg_levels.png Graphic file (type png)

<use hpgmg_levels.png>
Overfull \hbox (3.75932pt too wide) in paragraph at lines 478--479
[][] 
 []


LaTeX Warning: `h' float specifier changed to `ht'.

<hpgmg_ornl_titan_perf_cuda.png, id=14, 359.09157pt x 259.7203pt>
File: hpgmg_ornl_titan_perf_cuda.png Graphic file (type png)

<use hpgmg_ornl_titan_perf_cuda.png>
Underfull \hbox (badness 3690) in paragraph at lines 487--487
\OT1/ptm/m/n/10 ORNL Ti-tan su-per-com-puter. Re-sults ob-tained by Sam
 []


LaTeX Warning: `h' float specifier changed to `ht'.

LaTeX Font Info:    Try loading font information for OMS+ptm on input line 499.

(/usr/share/texmf/tex/latex/psnfss/omsptm.fd
File: omsptm.fd 
)
LaTeX Font Info:    Font shape `OMS/ptm/m/n' in size <10> not available
(Font)              Font shape `OMS/cmsy/m/n' tried instead on input line 499.

Underfull \hbox (badness 10000) in paragraph at lines 499--500
 \OT1/ptm/m/it/10 1) Ex-change Bound-aries: [][] \OT1/ptm/m/n/10 This func-tion
 im-ple-ments
 []


Underfull \hbox (badness 1360) in paragraph at lines 499--500
\OT1/ptm/m/n/10 the bound-ary re-gion ex-change do-ing a \OMS/cmsy/m/n/10 f\OT1
/ptm/m/n/10 pack\OMS/cmsy/m/n/10 g\OT1/ptm/m/n/10 , \OMS/cmsy/m/n/10 f\OT1/ptm/
m/n/10 send\OMS/cmsy/m/n/10 g\OT1/ptm/m/n/10 ,
 []

LaTeX Font Info:    External font `cmex10' loaded for size
(Font)              <9> on input line 506.
LaTeX Font Info:    External font `cmex10' loaded for size
(Font)              <6> on input line 506.
[2 <./hpgmg_f_cycle.png (PNG copy)> <./hpgmg_levels.png> <./hpgmg_ornl_titan_pe
rf_cuda.png>] <timeline_mpi.png, id=22, 986.68625pt x 184.69pt>
File: timeline_mpi.png Graphic file (type png)

<use timeline_mpi.png> <gpudirectasync.png, id=23, 606.265pt x 565.11125pt>
File: gpudirectasync.png Graphic file (type png)

<use gpudirectasync.png> [3 <./timeline_mpi.png> <./gpudirectasync.png>]
Underfull \hbox (badness 3179) in paragraph at lines 616--618
 \OT1/ptm/m/it/10 6) LibGDSync: [][] \OT1/ptm/m/n/10 (NVIDIA open-source) De-ve
l-oped by
 []


Underfull \hbox (badness 3942) in paragraph at lines 652--653
[]\OT1/ptm/m/n/10 See Al-go-rithm 2[] for the \OT1/ptm/m/it/10 ex-change-Bound-
ariesAsync()
 []


Underfull \hbox (badness 10000) in paragraph at lines 670--671
[] \OT1/ptm/m/n/9 mp[]isend[]on[]stream(sendBuffers$\OT1/cmr/m/n/9 [\OML/cmm/m/
it/9 i\OT1/cmr/m/n/9 ]$\OT1/ptm/m/n/9 ,
 []


Underfull \hbox (badness 3701) in paragraph at lines 687--688
[]\OT1/ptm/m/n/10 Read the re-ceived data (\OT1/ptm/m/it/10 re-ceive-Buffers\OT
1/ptm/m/n/10 ) with the
 []

<timeline_async.png, id=32, 775.89874pt x 184.69pt>
File: timeline_async.png Graphic file (type png)
 <use timeline_async.png>
<timeline_gpu.png, id=33, 796.9775pt x 184.69pt>
File: timeline_gpu.png Graphic file (type png)
 <use timeline_gpu.png>
<hpgmg_gpu.png, id=34, 878.28125pt x 226.8475pt>
File: hpgmg_gpu.png Graphic file (type png)
 <use hpgmg_gpu.png>
Underfull \hbox (badness 10000) in paragraph at lines 737--739
[]\OT1/ptm/m/n/10 The most dif-fi-cult part lies in the
 []


Underfull \hbox (badness 6016) in paragraph at lines 737--739
\OT1/ptm/m/it/10 cuda[]compute[]exchange[]kernel()\OT1/ptm/m/n/10 . Ac-cord-ing
 to pre-vi-ous
 []


Underfull \hbox (badness 5022) in paragraph at lines 737--739
\OT1/ptm/m/n/10 ob-ser-va-tions about sten-cils, we can dis-tringuish three
 []


Underfull \hbox (badness 2951) in paragraph at lines 737--739
\OT1/ptm/m/n/10 them in par-al-lel us-ing dif-fer-ent CUDA ker-nel blocks.
 []


Underfull \hbox (badness 10000) in paragraph at lines 737--739
\OT1/ptm/m/n/10 Ba-si-cally, the \OT1/ptm/m/it/10 cuda[]compute[]exchange[]kern
el() \OT1/ptm/m/n/10 needs
 []

[4 <./timeline_async.png>] <global_lock.png, id=39, 593.21625pt x 334.24875pt>
File: global_lock.png Graphic file (type png)

<use global_lock.png> <gain_ivy.png, id=40, 750.6444pt x 520.8258pt>
File: gain_ivy.png Graphic file (type png)

<use gain_ivy.png>
Overfull \hbox (10.72948pt too wide) in paragraph at lines 780--781
 [][] 
 []


LaTeX Warning: `h' float specifier changed to `ht'.

<gain_wilkes.png, id=41, 635.4942pt x 417.7206pt>
File: gain_wilkes.png Graphic file (type png)
 <use gain_wilkes.png>
Overfull \hbox (2.19318pt too wide) in paragraph at lines 800--801
[][] 
 []


LaTeX Warning: `h' float specifier changed to `ht'.

[5 <./timeline_gpu.png> <./hpgmg_gpu.png> <./global_lock.png>]
LaTeX Font Info:    External font `cmex10' loaded for size
(Font)              <8> on input line 967.

Underfull \hbox (badness 10000) in paragraph at lines 974--975
[]\OT1/ptm/m/n/8 N.  Sakharnykh \OT1/ptm/m/it/8 High-Performance Ge-o-met-ric M
ulti-Grid with
 []


Underfull \hbox (badness 10000) in paragraph at lines 974--975
\OT1/ptm/m/it/8 GPU Ac-cel-er-a-tion\OT1/ptm/m/n/8 . https://devblogs.nvidia.co
m/parallelforall/high-
 []


Overfull \hbox (4.74141pt too wide) in paragraph at lines 977--978
[]\OT1/ptm/m/it/8 Finite Vol-ume method\OT1/ptm/m/n/8 . https://en.wikipedia.or
g/wiki/Finite[]volume[]method 
 []


Underfull \hbox (badness 10000) in paragraph at lines 981--982
[]\OT1/ptm/m/it/8 Unified Mem-ory\OT1/ptm/m/n/8 . https://devblogs.nvidia.com/p
arallelforall/unified-
 []


** Conference Paper **
Before submitting the final camera ready copy, remember to:

 1. Manually equalize the lengths of two columns on the last page
 of your paper;

 2. Ensure that any PostScript and/or PDF output post-processing
 uses only Type 1 fonts and that every step in the generation
 process uses the appropriate paper size.

[6 <./gain_ivy.png> <./gain_wilkes.png>] (./HPGMG-Async.aux) ) 
Here is how much of TeX's memory you used:
 2868 strings out of 256216
 46917 string characters out of 1917072
 113097 words of memory out of 1500000
 6122 multiletter control sequences out of 10000+200000
 43161 words of font info for 80 fonts, out of 1200000 for 2000
 648 hyphenation exceptions out of 8191
 43i,9n,42p,684b,313s stack positions out of 5000i,500n,6000p,200000b,15000s
{/usr/share/texmf
/fonts/enc/dvips/base/8r.enc}</usr/share/texmf/fonts/type1/bluesky/cm/cmmi10.pf
b></usr/share/texmf/fonts/type1/bluesky/cm/cmmi9.pfb></usr/share/texmf/fonts/ty
pe1/bluesky/cm/cmr10.pfb></usr/share/texmf/fonts/type1/bluesky/cm/cmr7.pfb></us
r/share/texmf/fonts/type1/bluesky/cm/cmr9.pfb></usr/share/texmf/fonts/type1/blu
esky/cm/cmsy10.pfb></usr/share/texmf/fonts/type1/bluesky/cm/cmsy7.pfb></usr/sha
re/texmf/fonts/type1/urw/times/utmb8a.pfb></usr/share/texmf/fonts/type1/urw/tim
es/utmbi8a.pfb></usr/share/texmf/fonts/type1/urw/times/utmr8a.pfb></usr/share/t
exmf/fonts/type1/urw/times/utmri8a.pfb>
Output written on HPGMG-Async.pdf (6 pages, 606264 bytes).
PDF statistics:
 88 PDF objects out of 1000 (max. 8388607)
 0 named destinations out of 1000 (max. 131072)
 61 words of extra memory for PDF output out of 10000 (max. 10000000)

